<?xml version="1.0" encoding="UTF-8"?>
<!-- Generated by org.testng.reporters.JUnitReportReporter -->
<testsuite hostname="DESKTOP-N3LRL61" failures="0" tests="4" name="com.QA.tests.Booking_Test" time="9.548" errors="0" timestamp="2023-11-30T20:21:34 IST" skipped="0">
  <testcase classname="com.QA.tests.Booking_Test" name="Create_Booking_test" time="1.833"/>
  <system-out/>
  <testcase classname="com.QA.tests.Booking_Test" name="Get_Booking_Test" time="1.774"/>
  <system-out/>
  <testcase classname="com.QA.tests.Booking_Test" name="Update_Booking_Test" time="2.989"/>
  <system-out/>
  <testcase classname="com.QA.tests.Booking_Test" name="Delete_Booking_Test" time="2.952"/>
  <system-out/>
</testsuite> <!-- com.QA.tests.Booking_Test -->
