<?xml version="1.0" encoding="UTF-8"?>
<!-- Generated by org.testng.reporters.JUnitReportReporter -->
<testsuite hostname="DESKTOP-N3LRL61" failures="0" tests="4" name="com.QA.tests.Employee_Test" time="10.638" errors="0" timestamp="2023-11-30T20:59:02 IST" skipped="0">
  <testcase classname="com.QA.tests.Employee_Test" name="Create_Employee_Details_Test" time="5.325"/>
  <system-out/>
  <testcase classname="com.QA.tests.Employee_Test" name="Get_Employee_Details_Test" time="1.955"/>
  <system-out/>
  <testcase classname="com.QA.tests.Employee_Test" name="Update_Employee_Details_Test" time="1.758"/>
  <system-out/>
  <testcase classname="com.QA.tests.Employee_Test" name="Delete_Employee_Details_Test" time="1.600"/>
  <system-out/>
</testsuite> <!-- com.QA.tests.Employee_Test -->
